Fri, 21 Jun 2019 11:48:09 INFO     **************** Starting Logging ***********************
Fri, 21 Jun 2019 11:48:09 INFO     Log file path:          /data/pbin/Dev_Ivan/nrt/
Fri, 21 Jun 2019 11:48:09 INFO     Station location:       FL0
Fri, 21 Jun 2019 11:48:09 INFO     Gas Name:               O3
Fri, 21 Jun 2019 11:48:09 INFO     Dates:                  20190614_20190620
Fri, 21 Jun 2019 11:48:09 INFO     Create HDF:             True
Fri, 21 Jun 2019 11:48:09 INFO     Upload HDF:             True
Fri, 21 Jun 2019 11:48:11 INFO     HDFCreate.py -i /data1/ebaumer/fl0/o3/input_HDFCreate.py -d 20190614_20190620
Fri, 21 Jun 2019 11:48:13 INFO     Version: /data1/ebaumer/fl0/o3/HDF_Current_WP_RD/
Fri, 21 Jun 2019 11:48:13 INFO     HDF file to upload:      groundbased_ftir.o3_ncar003_boulder.co_20190619t152220z_20190620t173913z_003.hdf
Fri, 21 Jun 2019 11:48:14 INFO     File succesfully uploaded at FTP /pub/incoming/ndacc/
Mon, 01 Jul 2019 14:20:28 INFO     **************** Starting Logging ***********************
Mon, 01 Jul 2019 14:20:28 INFO     Log file path:          /data/pbin/Dev_Ivan/nrt/
Mon, 01 Jul 2019 14:20:28 INFO     Station location:       FL0
Mon, 01 Jul 2019 14:20:28 INFO     Gas Name:               O3
Mon, 01 Jul 2019 14:20:28 INFO     Dates:                  20190621_20190630
Mon, 01 Jul 2019 14:20:28 INFO     Create HDF:             True
Mon, 01 Jul 2019 14:20:28 INFO     Upload HDF:             True
Mon, 01 Jul 2019 14:20:32 INFO     HDFCreate.py -i /data1/ebaumer/fl0/o3/input_HDFCreate.py -d 20190621_20190630
Mon, 01 Jul 2019 14:20:34 INFO     Version: /data1/ebaumer/fl0/o3/HDF_Current_WP_RD/
Mon, 01 Jul 2019 14:20:34 ERROR    No HDFs in date range
Fri, 12 Jul 2019 15:02:25 INFO     **************** Starting Logging ***********************
Fri, 12 Jul 2019 15:02:25 INFO     Log file path:          /data/pbin/Dev_Ivan/nrt/
Fri, 12 Jul 2019 15:02:25 INFO     Station location:       FL0
Fri, 12 Jul 2019 15:02:25 INFO     Gas Name:               O3
Fri, 12 Jul 2019 15:02:25 INFO     Dates:                  20190701_20190710
Fri, 12 Jul 2019 15:02:25 INFO     Create HDF:             True
Fri, 12 Jul 2019 15:02:25 INFO     Upload HDF:             True
Fri, 12 Jul 2019 15:02:29 INFO     HDFCreate.py -i /data1/ebaumer/fl0/o3/input_HDFCreate.py -d 20190701_20190710
Fri, 12 Jul 2019 15:02:31 INFO     Version: /data1/ebaumer/fl0/o3/HDF_Current_WP_RD/
Fri, 12 Jul 2019 15:02:31 INFO     HDF file to upload:      groundbased_ftir.o3_ncar003_boulder.co_20190702t152334z_20190710t232211z_003.hdf
Fri, 12 Jul 2019 15:02:32 INFO     File succesfully uploaded at FTP /pub/incoming/ndacc/
Thu, 01 Aug 2019 15:07:31 INFO     **************** Starting Logging ***********************
Thu, 01 Aug 2019 15:07:31 INFO     Log file path:          /data/pbin/Dev_Ivan/nrt/
Thu, 01 Aug 2019 15:07:31 INFO     Station location:       FL0
Thu, 01 Aug 2019 15:07:31 INFO     Gas Name:               O3
Thu, 01 Aug 2019 15:07:31 INFO     Dates:                  20190711_20190731
Thu, 01 Aug 2019 15:07:31 INFO     Create HDF:             True
Thu, 01 Aug 2019 15:07:31 INFO     Upload HDF:             True
Thu, 01 Aug 2019 15:07:35 INFO     HDFCreate.py -i /data1/ebaumer/fl0/o3/input_HDFCreate.py -d 20190711_20190731
Thu, 01 Aug 2019 15:07:38 INFO     Version: /data1/ebaumer/fl0/o3/HDF_Current_WP_RD/
Thu, 01 Aug 2019 15:07:38 INFO     HDF file to upload:      groundbased_ftir.o3_ncar003_boulder.co_20190711t144809z_20190731t182311z_003.hdf
Thu, 01 Aug 2019 15:07:39 INFO     File succesfully uploaded at FTP /pub/incoming/ndacc/
Fri, 16 Aug 2019 13:01:19 INFO     **************** Starting Logging ***********************
Fri, 16 Aug 2019 13:01:19 INFO     Log file path:          /data/pbin/Dev_Ivan/nrt/
Fri, 16 Aug 2019 13:01:19 INFO     Station location:       FL0
Fri, 16 Aug 2019 13:01:19 INFO     Gas Name:               O3
Fri, 16 Aug 2019 13:01:19 INFO     Dates:                  20190801_20190815
Fri, 16 Aug 2019 13:01:19 INFO     Create HDF:             True
Fri, 16 Aug 2019 13:01:19 INFO     Upload HDF:             True
Fri, 16 Aug 2019 13:01:22 INFO     HDFCreate.py -i /data1/ebaumer/fl0/o3/input_HDFCreate.py -d 20190801_20190815
Fri, 16 Aug 2019 13:01:24 INFO     Version: /data1/ebaumer/fl0/o3/HDF_Current_WP_RD/
Fri, 16 Aug 2019 13:01:24 INFO     HDF file to upload:      groundbased_ftir.o3_ncar003_boulder.co_20190802t155234z_20190815t200638z_003.hdf
Fri, 16 Aug 2019 13:01:25 INFO     File succesfully uploaded at FTP /pub/incoming/ndacc/
Thu, 05 Sep 2019 11:40:53 INFO     **************** Starting Logging ***********************
Thu, 05 Sep 2019 11:40:53 INFO     Log file path:          /data/pbin/Dev_Ivan/nrt/
Thu, 05 Sep 2019 11:40:53 INFO     Station location:       FL0
Thu, 05 Sep 2019 11:40:53 INFO     Gas Name:               O3
Thu, 05 Sep 2019 11:40:53 INFO     Dates:                  20190816_20190831
Thu, 05 Sep 2019 11:40:53 INFO     Create HDF:             True
Thu, 05 Sep 2019 11:40:53 INFO     Upload HDF:             True
Thu, 05 Sep 2019 11:40:57 INFO     HDFCreate.py -i /data1/ebaumer/fl0/o3/input_HDFCreate.py -d 20190816_20190831
Thu, 05 Sep 2019 11:40:59 INFO     Version: /data1/ebaumer/fl0/o3/HDF_Current_WP_RD/
Thu, 05 Sep 2019 11:40:59 ERROR    No HDFs in date range
Mon, 09 Sep 2019 15:18:06 INFO     **************** Starting Logging ***********************
Mon, 09 Sep 2019 15:18:06 INFO     Log file path:          /data/pbin/Dev_Ivan/nrt/
Mon, 09 Sep 2019 15:18:06 INFO     Station location:       FL0
Mon, 09 Sep 2019 15:18:06 INFO     Gas Name:               O3
Mon, 09 Sep 2019 15:18:06 INFO     Dates:                  20190816_20190831
Mon, 09 Sep 2019 15:18:06 INFO     Create HDF:             True
Mon, 09 Sep 2019 15:18:06 INFO     Upload HDF:             True
Mon, 09 Sep 2019 15:18:09 INFO     HDFCreate.py -i /data1/ebaumer/fl0/o3/input_HDFCreate.py -d 20190816_20190831
Mon, 09 Sep 2019 15:18:11 INFO     Version: /data1/ebaumer/fl0/o3/HDF_Current_WP_RD/
Mon, 09 Sep 2019 15:18:11 INFO     HDF file to upload:      groundbased_ftir.o3_ncar003_boulder.co_20190819t160119z_20190828t210635z_003.hdf
Mon, 09 Sep 2019 15:18:12 INFO     File succesfully uploaded at FTP /pub/incoming/ndacc/
Fri, 20 Sep 2019 13:55:28 INFO     **************** Starting Logging ***********************
Fri, 20 Sep 2019 13:55:28 INFO     Log file path:          /data/pbin/Dev_Ivan/nrt/
Fri, 20 Sep 2019 13:55:28 INFO     Station location:       FL0
Fri, 20 Sep 2019 13:55:28 INFO     Gas Name:               O3
Fri, 20 Sep 2019 13:55:28 INFO     Dates:                  20190901_20190915
Fri, 20 Sep 2019 13:55:28 INFO     Create HDF:             True
Fri, 20 Sep 2019 13:55:28 INFO     Upload HDF:             True
Fri, 20 Sep 2019 13:55:32 INFO     HDFCreate.py -i /data1/ebaumer/fl0/o3/input_HDFCreate.py -d 20190901_20190915
Fri, 20 Sep 2019 13:55:35 INFO     Version: /data1/ebaumer/fl0/o3/HDF_Current_WP_RD/
Fri, 20 Sep 2019 13:55:35 INFO     HDF file to upload:      groundbased_ftir.o3_ncar003_boulder.co_20190905t164439z_20190913t215612z_003.hdf
Fri, 20 Sep 2019 13:55:36 INFO     File succesfully uploaded at FTP /pub/incoming/ndacc/
Tue, 01 Oct 2019 15:05:09 INFO     **************** Starting Logging ***********************
Tue, 01 Oct 2019 15:05:09 INFO     Log file path:          /data/pbin/Dev_Ivan/nrt/
Tue, 01 Oct 2019 15:05:09 INFO     Station location:       FL0
Tue, 01 Oct 2019 15:05:09 INFO     Gas Name:               O3
Tue, 01 Oct 2019 15:05:09 INFO     Dates:                  20190916_20190930
Tue, 01 Oct 2019 15:05:09 INFO     Create HDF:             True
Tue, 01 Oct 2019 15:05:09 INFO     Upload HDF:             True
Tue, 01 Oct 2019 15:05:14 INFO     HDFCreate.py -i /data1/ebaumer/fl0/o3/input_HDFCreate.py -d 20190916_20190930
Tue, 01 Oct 2019 15:05:16 INFO     Version: /data1/ebaumer/fl0/o3/HDF_Current_WP_RD/
Tue, 01 Oct 2019 15:05:16 INFO     HDF file to upload:      groundbased_ftir.o3_ncar003_boulder.co_20190919t151046z_20190930t190644z_003.hdf
Tue, 01 Oct 2019 15:05:17 INFO     File succesfully uploaded at FTP /pub/incoming/ndacc/
