Fri, 21 Jun 2019 11:37:07 INFO     **************** Starting Logging ***********************
Fri, 21 Jun 2019 11:37:07 INFO     Log file path:          /data/pbin/Dev_Ivan/nrt/
Fri, 21 Jun 2019 11:37:07 INFO     Station location:       FL0
Fri, 21 Jun 2019 11:37:07 INFO     Gas Name:               CO
Fri, 21 Jun 2019 11:37:07 INFO     Dates:                  20190614_20190620
Fri, 21 Jun 2019 11:37:07 INFO     Create HDF:             True
Fri, 21 Jun 2019 11:37:07 INFO     Upload HDF:             True
Fri, 21 Jun 2019 11:37:10 INFO     HDFCreate.py -i /data1/ebaumer/fl0/co/input_HDFCreate.py -d 20190614_20190620
Fri, 21 Jun 2019 11:37:12 INFO     Version: /data1/ebaumer/fl0/co/HDF_Current_v3_RD/
Fri, 21 Jun 2019 11:37:12 INFO     HDF file to upload:      groundbased_ftir.co_ncar003_boulder.co_20190619t151207z_20190620t173308z_003.hdf
Fri, 21 Jun 2019 11:37:13 INFO     File succesfully uploaded at FTP /pub/incoming/ndacc/
Mon, 01 Jul 2019 14:24:29 INFO     **************** Starting Logging ***********************
Mon, 01 Jul 2019 14:24:29 INFO     Log file path:          /data/pbin/Dev_Ivan/nrt/
Mon, 01 Jul 2019 14:24:29 INFO     Station location:       FL0
Mon, 01 Jul 2019 14:24:29 INFO     Gas Name:               CO
Mon, 01 Jul 2019 14:24:29 INFO     Dates:                  20190621_20190630
Mon, 01 Jul 2019 14:24:29 INFO     Create HDF:             True
Mon, 01 Jul 2019 14:24:29 INFO     Upload HDF:             True
Mon, 01 Jul 2019 14:24:34 INFO     HDFCreate.py -i /data1/ebaumer/fl0/co/input_HDFCreate.py -d 20190621_20190630
Mon, 01 Jul 2019 14:24:36 INFO     Version: /data1/ebaumer/fl0/co/HDF_Current_v3_RD/
Mon, 01 Jul 2019 14:24:36 INFO     HDF file to upload:      groundbased_ftir.co_ncar003_boulder.co_20190627t172650z_20190628t151503z_003.hdf
Mon, 01 Jul 2019 14:24:37 INFO     File succesfully uploaded at FTP /pub/incoming/ndacc/
Fri, 12 Jul 2019 14:18:38 INFO     **************** Starting Logging ***********************
Fri, 12 Jul 2019 14:18:38 INFO     Log file path:          /data/pbin/Dev_Ivan/nrt/
Fri, 12 Jul 2019 14:18:38 INFO     Station location:       FL0
Fri, 12 Jul 2019 14:18:38 INFO     Gas Name:               CO
Fri, 12 Jul 2019 14:18:38 INFO     Dates:                  20190701_20190710
Fri, 12 Jul 2019 14:18:38 INFO     Create HDF:             True
Fri, 12 Jul 2019 14:18:38 INFO     Upload HDF:             True
Fri, 12 Jul 2019 14:18:44 INFO     HDFCreate.py -i /data1/ebaumer/fl0/co/input_HDFCreate.py -d 20190701_20190710
Fri, 12 Jul 2019 14:18:46 INFO     Version: /data1/ebaumer/fl0/co/HDF_Current_v3_RD/
Fri, 12 Jul 2019 14:18:46 INFO     HDF file to upload:      groundbased_ftir.co_ncar003_boulder.co_20190702t154729z_20190710t231602z_003.hdf
Fri, 12 Jul 2019 14:18:47 INFO     File succesfully uploaded at FTP /pub/incoming/ndacc/
