Fri, 21 Jun 2019 11:32:06 INFO     **************** Starting Logging ***********************
Fri, 21 Jun 2019 11:32:06 INFO     Log file path:          /data/pbin/Dev_Ivan/nrt/
Fri, 21 Jun 2019 11:32:06 INFO     Station location:       FL0
Fri, 21 Jun 2019 11:32:06 INFO     Gas Name:               CH4
Fri, 21 Jun 2019 11:32:06 INFO     Dates:                  20190614_20190620
Fri, 21 Jun 2019 11:32:06 INFO     Create HDF:             True
Fri, 21 Jun 2019 11:32:06 INFO     Upload HDF:             True
Fri, 21 Jun 2019 11:32:08 INFO     HDFCreate.py -i /data1/ebaumer/fl0/ch4/input_HDFCreate.py -d 20190614_20190620
Fri, 21 Jun 2019 11:32:10 INFO     Version: /data1/ebaumer/fl0/ch4/HDF_Current_WP_RD/
Fri, 21 Jun 2019 11:32:10 INFO     HDF file to upload:      groundbased_ftir.ch4_ncar003_boulder.co_20190619t150325z_20190620t172030z_003.hdf
Fri, 21 Jun 2019 11:32:11 INFO     File succesfully uploaded at FTP /pub/incoming/ndacc/
Mon, 01 Jul 2019 14:22:39 INFO     **************** Starting Logging ***********************
Mon, 01 Jul 2019 14:22:39 INFO     Log file path:          /data/pbin/Dev_Ivan/nrt/
Mon, 01 Jul 2019 14:22:39 INFO     Station location:       FL0
Mon, 01 Jul 2019 14:22:39 INFO     Gas Name:               CH4
Mon, 01 Jul 2019 14:22:39 INFO     Dates:                  20190621_20190630
Mon, 01 Jul 2019 14:22:39 INFO     Create HDF:             True
Mon, 01 Jul 2019 14:22:39 INFO     Upload HDF:             True
Mon, 01 Jul 2019 14:22:42 INFO     HDFCreate.py -i /data1/ebaumer/fl0/ch4/input_HDFCreate.py -d 20190621_20190630
Mon, 01 Jul 2019 14:22:44 INFO     Version: /data1/ebaumer/fl0/ch4/HDF_Current_WP_RD/
Mon, 01 Jul 2019 14:22:44 INFO     HDF file to upload:      groundbased_ftir.ch4_ncar003_boulder.co_20190628t150220z_20190628t150220z_003.hdf
Mon, 01 Jul 2019 14:22:45 INFO     File succesfully uploaded at FTP /pub/incoming/ndacc/
Fri, 12 Jul 2019 14:05:45 INFO     **************** Starting Logging ***********************
Fri, 12 Jul 2019 14:05:45 INFO     Log file path:          /data/pbin/Dev_Ivan/nrt/
Fri, 12 Jul 2019 14:05:45 INFO     Station location:       FL0
Fri, 12 Jul 2019 14:05:45 INFO     Gas Name:               CH4
Fri, 12 Jul 2019 14:05:45 INFO     Dates:                  20190701_20190710
Fri, 12 Jul 2019 14:05:45 INFO     Create HDF:             True
Fri, 12 Jul 2019 14:05:45 INFO     Upload HDF:             True
Fri, 12 Jul 2019 14:05:49 INFO     HDFCreate.py -i /data1/ebaumer/fl0/ch4/input_HDFCreate.py -d 20190701_20190710
Fri, 12 Jul 2019 14:05:51 INFO     Version: /data1/ebaumer/fl0/ch4/HDF_Current_WP_RD/
Fri, 12 Jul 2019 14:05:51 INFO     HDF file to upload:      groundbased_ftir.ch4_ncar003_boulder.co_20190702t153849z_20190710t230327z_003.hdf
Fri, 12 Jul 2019 14:05:52 INFO     File succesfully uploaded at FTP /pub/incoming/ndacc/
Thu, 01 Aug 2019 12:55:35 INFO     **************** Starting Logging ***********************
Thu, 01 Aug 2019 12:55:35 INFO     Log file path:          /data/pbin/Dev_Ivan/nrt/
Thu, 01 Aug 2019 12:55:35 INFO     Station location:       FL0
Thu, 01 Aug 2019 12:55:35 INFO     Gas Name:               CH4
Thu, 01 Aug 2019 12:55:35 INFO     Dates:                  20190711_20190731
Thu, 01 Aug 2019 12:55:35 INFO     Create HDF:             True
Thu, 01 Aug 2019 12:55:35 INFO     Upload HDF:             True
Thu, 01 Aug 2019 12:55:40 INFO     HDFCreate.py -i /data1/ebaumer/fl0/ch4/input_HDFCreate.py -d 20190711_20190731
Thu, 01 Aug 2019 12:55:42 INFO     Version: /data1/ebaumer/fl0/ch4/HDF_Current_WP_RD/
Thu, 01 Aug 2019 12:55:42 INFO     HDF file to upload:      groundbased_ftir.ch4_ncar003_boulder.co_20190711t142915z_20190731t180429z_003.hdf
Thu, 01 Aug 2019 12:55:43 INFO     File succesfully uploaded at FTP /pub/incoming/ndacc/
Fri, 16 Aug 2019 11:25:10 INFO     **************** Starting Logging ***********************
Fri, 16 Aug 2019 11:25:10 INFO     Log file path:          /data/pbin/Dev_Ivan/nrt/
Fri, 16 Aug 2019 11:25:10 INFO     Station location:       FL0
Fri, 16 Aug 2019 11:25:10 INFO     Gas Name:               CH4
Fri, 16 Aug 2019 11:25:10 INFO     Dates:                  20190801_20190815
Fri, 16 Aug 2019 11:25:10 INFO     Create HDF:             True
Fri, 16 Aug 2019 11:25:10 INFO     Upload HDF:             True
Fri, 16 Aug 2019 11:25:14 INFO     HDFCreate.py -i /data1/ebaumer/fl0/ch4/input_HDFCreate.py -d 20190801_20190815
Fri, 16 Aug 2019 11:25:16 INFO     Version: /data1/ebaumer/fl0/ch4/HDF_Current_WP_RD/
Fri, 16 Aug 2019 11:25:16 INFO     HDF file to upload:      groundbased_ftir.ch4_ncar003_boulder.co_20190802t153342z_20190815t220847z_003.hdf
Fri, 16 Aug 2019 11:25:17 INFO     File succesfully uploaded at FTP /pub/incoming/ndacc/
Thu, 05 Sep 2019 11:43:53 INFO     **************** Starting Logging ***********************
Thu, 05 Sep 2019 11:43:53 INFO     Log file path:          /data/pbin/Dev_Ivan/nrt/
Thu, 05 Sep 2019 11:43:53 INFO     Station location:       FL0
Thu, 05 Sep 2019 11:43:53 INFO     Gas Name:               CH4
Thu, 05 Sep 2019 11:43:53 INFO     Dates:                  20190816_20190831
Thu, 05 Sep 2019 11:43:53 INFO     Create HDF:             True
Thu, 05 Sep 2019 11:43:53 INFO     Upload HDF:             True
Thu, 05 Sep 2019 11:43:57 INFO     HDFCreate.py -i /data1/ebaumer/fl0/ch4/input_HDFCreate.py -d 20190816_20190831
Thu, 05 Sep 2019 11:43:59 INFO     Version: /data1/ebaumer/fl0/ch4/HDF_Current_WP_RD/
Thu, 05 Sep 2019 11:44:00 INFO     HDF file to upload:      groundbased_ftir.ch4_ncar003_boulder.co_20190816t154504z_20190816t173106z_003.hdf
Thu, 05 Sep 2019 11:44:00 INFO     File succesfully uploaded at FTP /pub/incoming/ndacc/
Fri, 06 Sep 2019 11:42:05 INFO     **************** Starting Logging ***********************
Fri, 06 Sep 2019 11:42:05 INFO     Log file path:          /data/pbin/Dev_Ivan/nrt/
Fri, 06 Sep 2019 11:42:05 INFO     Station location:       FL0
Fri, 06 Sep 2019 11:42:05 INFO     Gas Name:               CH4
Fri, 06 Sep 2019 11:42:05 INFO     Dates:                  20190816_20190831
Fri, 06 Sep 2019 11:42:05 INFO     Create HDF:             True
Fri, 06 Sep 2019 11:42:05 INFO     Upload HDF:             True
Fri, 06 Sep 2019 11:42:21 INFO     HDFCreate.py -i /data1/ebaumer/fl0/ch4/input_HDFCreate.py -d 20190816_20190831
Fri, 06 Sep 2019 11:42:24 INFO     Version: /data1/ebaumer/fl0/ch4/HDF_Current_WP_RD/
Fri, 06 Sep 2019 11:42:24 ERROR    More than one HDFs in date range
Fri, 06 Sep 2019 12:43:47 INFO     **************** Starting Logging ***********************
Fri, 06 Sep 2019 12:43:47 INFO     Log file path:          /data/pbin/Dev_Ivan/nrt/
Fri, 06 Sep 2019 12:43:47 INFO     Station location:       FL0
Fri, 06 Sep 2019 12:43:47 INFO     Gas Name:               CH4
Fri, 06 Sep 2019 12:43:47 INFO     Dates:                  20190816_20190831
Fri, 06 Sep 2019 12:43:47 INFO     Create HDF:             True
Fri, 06 Sep 2019 12:43:47 INFO     Upload HDF:             True
Fri, 06 Sep 2019 12:43:50 INFO     HDFCreate.py -i /data1/ebaumer/fl0/ch4/input_HDFCreate.py -d 20190816_20190831
Fri, 06 Sep 2019 12:43:52 INFO     Version: /data1/ebaumer/fl0/ch4/HDF_Current_WP_RD/
Fri, 06 Sep 2019 12:43:52 INFO     HDF file to upload:      groundbased_ftir.ch4_ncar003_boulder.co_20190816t154504z_20190828t213413z_003.hdf
Fri, 06 Sep 2019 12:43:53 INFO     File succesfully uploaded at FTP /pub/incoming/ndacc/
Fri, 20 Sep 2019 12:40:56 INFO     **************** Starting Logging ***********************
Fri, 20 Sep 2019 12:40:56 INFO     Log file path:          /data/pbin/Dev_Ivan/nrt/
Fri, 20 Sep 2019 12:40:56 INFO     Station location:       FL0
Fri, 20 Sep 2019 12:40:56 INFO     Gas Name:               CH4
Fri, 20 Sep 2019 12:40:56 INFO     Dates:                  20190901_20190915
Fri, 20 Sep 2019 12:40:56 INFO     Create HDF:             True
Fri, 20 Sep 2019 12:40:56 INFO     Upload HDF:             True
Fri, 20 Sep 2019 12:41:01 INFO     HDFCreate.py -i /data1/ebaumer/fl0/ch4/input_HDFCreate.py -d 20190901_20190915
Fri, 20 Sep 2019 12:41:03 INFO     Version: /data1/ebaumer/fl0/ch4/HDF_Current_WP_RD/
Fri, 20 Sep 2019 12:41:03 INFO     HDF file to upload:      groundbased_ftir.ch4_ncar003_boulder.co_20190905t162410z_20190913t213739z_003.hdf
Fri, 20 Sep 2019 12:41:04 INFO     File succesfully uploaded at FTP /pub/incoming/ndacc/
Tue, 01 Oct 2019 14:06:29 INFO     **************** Starting Logging ***********************
Tue, 01 Oct 2019 14:06:29 INFO     Log file path:          /data/pbin/Dev_Ivan/nrt/
Tue, 01 Oct 2019 14:06:29 INFO     Station location:       FL0
Tue, 01 Oct 2019 14:06:29 INFO     Gas Name:               CH4
Tue, 01 Oct 2019 14:06:29 INFO     Dates:                  20190916_20190930
Tue, 01 Oct 2019 14:06:29 INFO     Create HDF:             True
Tue, 01 Oct 2019 14:06:29 INFO     Upload HDF:             True
Tue, 01 Oct 2019 14:06:34 INFO     HDFCreate.py -i /data1/ebaumer/fl0/ch4/input_HDFCreate.py -d 20190916_20190930
Tue, 01 Oct 2019 14:06:37 INFO     Version: /data1/ebaumer/fl0/ch4/HDF_Current_WP_RD/
Tue, 01 Oct 2019 14:06:37 INFO     HDF file to upload:      groundbased_ftir.ch4_ncar003_boulder.co_20190919t145055z_20190930t194005z_003.hdf
Tue, 01 Oct 2019 14:06:38 INFO     File succesfully uploaded at FTP /pub/incoming/ndacc/
