Fri, 21 Jun 2019 13:57:49 INFO     **************** Starting Logging ***********************
Fri, 21 Jun 2019 13:57:49 INFO     Log file path:          /data/pbin/Dev_Ivan/nrt/
Fri, 21 Jun 2019 13:57:49 INFO     Station location:       MLO
Fri, 21 Jun 2019 13:57:49 INFO     Gas Name:               O3
Fri, 21 Jun 2019 13:57:49 INFO     Dates:                  20190614_20190620
Fri, 21 Jun 2019 13:57:49 INFO     Create HDF:             True
Fri, 21 Jun 2019 13:57:49 INFO     Upload HDF:             True
Fri, 21 Jun 2019 13:57:52 INFO     HDFCreate.py -i /data1/ebaumer/mlo/o3/input_HDFCreate.py -d 20190614_20190620
Fri, 21 Jun 2019 13:57:54 INFO     Version: /data1/ebaumer/mlo/o3/HDF_Current_RD/
Fri, 21 Jun 2019 13:57:54 INFO     HDF file to upload:      groundbased_ftir.o3_ncar002_mauna.loa.hi_20190614t195141z_20190620t202442z_004.hdf
Fri, 21 Jun 2019 13:57:55 INFO     File succesfully uploaded at FTP /pub/incoming/ndacc/
Mon, 01 Jul 2019 16:36:02 INFO     **************** Starting Logging ***********************
Mon, 01 Jul 2019 16:36:02 INFO     Log file path:          /data/pbin/Dev_Ivan/nrt/
Mon, 01 Jul 2019 16:36:02 INFO     Station location:       MLO
Mon, 01 Jul 2019 16:36:02 INFO     Gas Name:               O3
Mon, 01 Jul 2019 16:36:02 INFO     Dates:                  20190621_20190630
Mon, 01 Jul 2019 16:36:02 INFO     Create HDF:             True
Mon, 01 Jul 2019 16:36:02 INFO     Upload HDF:             True
Mon, 01 Jul 2019 16:36:08 INFO     HDFCreate.py -i /data1/ebaumer/mlo/o3/input_HDFCreate.py -d 20190621_20190630
Mon, 01 Jul 2019 16:36:10 INFO     Version: /data1/ebaumer/mlo/o3/HDF_Current_RD/
Mon, 01 Jul 2019 16:36:10 INFO     HDF file to upload:      groundbased_ftir.o3_ncar002_mauna.loa.hi_20190621t185037z_20190629t202819z_004.hdf
Mon, 01 Jul 2019 16:36:11 INFO     File succesfully uploaded at FTP /pub/incoming/ndacc/
Fri, 12 Jul 2019 14:11:28 INFO     **************** Starting Logging ***********************
Fri, 12 Jul 2019 14:11:28 INFO     Log file path:          /data/pbin/Dev_Ivan/nrt/
Fri, 12 Jul 2019 14:11:28 INFO     Station location:       MLO
Fri, 12 Jul 2019 14:11:28 INFO     Gas Name:               O3
Fri, 12 Jul 2019 14:11:28 INFO     Dates:                  20190701_20190710
Fri, 12 Jul 2019 14:11:28 INFO     Create HDF:             True
Fri, 12 Jul 2019 14:11:28 INFO     Upload HDF:             True
Fri, 12 Jul 2019 14:11:33 INFO     HDFCreate.py -i /data1/ebaumer/mlo/o3/input_HDFCreate.py -d 20190701_20190710
Fri, 12 Jul 2019 14:11:35 INFO     Version: /data1/ebaumer/mlo/o3/HDF_Current_RD/
Fri, 12 Jul 2019 14:11:35 INFO     HDF file to upload:      groundbased_ftir.o3_ncar002_mauna.loa.hi_20190704t191941z_20190710t181844z_004.hdf
Fri, 12 Jul 2019 14:11:36 INFO     File succesfully uploaded at FTP /pub/incoming/ndacc/
Thu, 01 Aug 2019 14:14:42 INFO     **************** Starting Logging ***********************
Thu, 01 Aug 2019 14:14:42 INFO     Log file path:          /data/pbin/Dev_Ivan/nrt/
Thu, 01 Aug 2019 14:14:42 INFO     Station location:       MLO
Thu, 01 Aug 2019 14:14:42 INFO     Gas Name:               O3
Thu, 01 Aug 2019 14:14:42 INFO     Dates:                  20190711_20190731
Thu, 01 Aug 2019 14:14:42 INFO     Create HDF:             True
Thu, 01 Aug 2019 14:14:42 INFO     Upload HDF:             True
Thu, 01 Aug 2019 14:14:48 INFO     HDFCreate.py -i /data1/ebaumer/mlo/o3/input_HDFCreate.py -d 20190711_20190731
Thu, 01 Aug 2019 14:14:50 INFO     Version: /data1/ebaumer/mlo/o3/HDF_Current_RD/
Thu, 01 Aug 2019 14:14:50 INFO     HDF file to upload:      groundbased_ftir.o3_ncar002_mauna.loa.hi_20190711t172453z_20190731t180646z_004.hdf
Thu, 01 Aug 2019 14:14:51 INFO     File succesfully uploaded at FTP /pub/incoming/ndacc/
Fri, 16 Aug 2019 10:50:54 INFO     **************** Starting Logging ***********************
Fri, 16 Aug 2019 10:50:54 INFO     Log file path:          /data/pbin/Dev_Ivan/nrt/
Fri, 16 Aug 2019 10:50:54 INFO     Station location:       MLO
Fri, 16 Aug 2019 10:50:54 INFO     Gas Name:               O3
Fri, 16 Aug 2019 10:50:54 INFO     Dates:                  20190801_20190815
Fri, 16 Aug 2019 10:50:54 INFO     Create HDF:             True
Fri, 16 Aug 2019 10:50:54 INFO     Upload HDF:             True
Fri, 16 Aug 2019 10:51:00 INFO     HDFCreate.py -i /data1/ebaumer/mlo/o3/input_HDFCreate.py -d 20190801_20190815
Fri, 16 Aug 2019 10:51:03 INFO     Version: /data1/ebaumer/mlo/o3/HDF_Current_RD/
Fri, 16 Aug 2019 10:51:03 INFO     HDF file to upload:      groundbased_ftir.o3_ncar002_mauna.loa.hi_20190809t194736z_20190809t204645z_004.hdf
Fri, 16 Aug 2019 10:51:04 INFO     File succesfully uploaded at FTP /pub/incoming/ndacc/
Thu, 05 Sep 2019 11:42:32 INFO     **************** Starting Logging ***********************
Thu, 05 Sep 2019 11:42:32 INFO     Log file path:          /data/pbin/Dev_Ivan/nrt/
Thu, 05 Sep 2019 11:42:32 INFO     Station location:       MLO
Thu, 05 Sep 2019 11:42:32 INFO     Gas Name:               O3
Thu, 05 Sep 2019 11:42:32 INFO     Dates:                  20190816_20190831
Thu, 05 Sep 2019 11:42:32 INFO     Create HDF:             True
Thu, 05 Sep 2019 11:42:32 INFO     Upload HDF:             True
Thu, 05 Sep 2019 11:42:37 INFO     HDFCreate.py -i /data1/ebaumer/mlo/o3/input_HDFCreate.py -d 20190816_20190831
Thu, 05 Sep 2019 11:42:39 INFO     Version: /data1/ebaumer/mlo/o3/HDF_Current_RD/
Thu, 05 Sep 2019 11:42:39 ERROR    No HDFs in date range
Fri, 06 Sep 2019 18:03:17 INFO     **************** Starting Logging ***********************
Fri, 06 Sep 2019 18:03:17 INFO     Log file path:          /data/pbin/Dev_Ivan/nrt/
Fri, 06 Sep 2019 18:03:17 INFO     Station location:       MLO
Fri, 06 Sep 2019 18:03:17 INFO     Gas Name:               O3
Fri, 06 Sep 2019 18:03:17 INFO     Dates:                  20190816_20190831
Fri, 06 Sep 2019 18:03:17 INFO     Create HDF:             True
Fri, 06 Sep 2019 18:03:17 INFO     Upload HDF:             True
Fri, 06 Sep 2019 18:03:31 INFO     HDFCreate.py -i /data1/ebaumer/mlo/o3/input_HDFCreate.py -d 20190816_20190831
Fri, 06 Sep 2019 18:03:33 INFO     Version: /data1/ebaumer/mlo/o3/HDF_Current_RD/
Fri, 06 Sep 2019 18:03:34 INFO     HDF file to upload:      groundbased_ftir.o3_ncar002_mauna.loa.hi_20190819t192937z_20190831t194838z_004.hdf
Fri, 06 Sep 2019 18:03:35 INFO     File succesfully uploaded at FTP /pub/incoming/ndacc/
Fri, 20 Sep 2019 11:54:26 INFO     **************** Starting Logging ***********************
Fri, 20 Sep 2019 11:54:26 INFO     Log file path:          /data/pbin/Dev_Ivan/nrt/
Fri, 20 Sep 2019 11:54:26 INFO     Station location:       MLO
Fri, 20 Sep 2019 11:54:26 INFO     Gas Name:               O3
Fri, 20 Sep 2019 11:54:26 INFO     Dates:                  20190901_20190915
Fri, 20 Sep 2019 11:54:26 INFO     Create HDF:             True
Fri, 20 Sep 2019 11:54:26 INFO     Upload HDF:             True
Fri, 20 Sep 2019 11:54:27 INFO     HDFCreate.py -i /data1/ebaumer/mlo/o3/input_HDFCreate.py -d 20190901_20190915
Fri, 20 Sep 2019 11:54:29 INFO     Version: /data1/ebaumer/mlo/o3/HDF_Current_RD/
Fri, 20 Sep 2019 11:54:29 ERROR    No HDFs in date range
Fri, 20 Sep 2019 17:39:04 INFO     **************** Starting Logging ***********************
Fri, 20 Sep 2019 17:39:04 INFO     Log file path:          /data/pbin/Dev_Ivan/nrt/
Fri, 20 Sep 2019 17:39:04 INFO     Station location:       MLO
Fri, 20 Sep 2019 17:39:04 INFO     Gas Name:               O3
Fri, 20 Sep 2019 17:39:04 INFO     Dates:                  20190901_20190915
Fri, 20 Sep 2019 17:39:04 INFO     Create HDF:             True
Fri, 20 Sep 2019 17:39:04 INFO     Upload HDF:             True
Fri, 20 Sep 2019 17:39:10 INFO     HDFCreate.py -i /data1/ebaumer/mlo/o3/input_HDFCreate.py -d 20190901_20190915
Fri, 20 Sep 2019 17:39:12 INFO     Version: /data1/ebaumer/mlo/o3/HDF_Current_RD/
Fri, 20 Sep 2019 17:39:12 INFO     HDF file to upload:      groundbased_ftir.o3_ncar002_mauna.loa.hi_20190901t171045z_20190913t194843z_004.hdf
Fri, 20 Sep 2019 17:39:13 INFO     File succesfully uploaded at FTP /pub/incoming/ndacc/
Tue, 01 Oct 2019 14:04:22 INFO     **************** Starting Logging ***********************
Tue, 01 Oct 2019 14:04:22 INFO     Log file path:          /data/pbin/Dev_Ivan/nrt/
Tue, 01 Oct 2019 14:04:22 INFO     Station location:       MLO
Tue, 01 Oct 2019 14:04:22 INFO     Gas Name:               O3
Tue, 01 Oct 2019 14:04:22 INFO     Dates:                  20190916_20190930
Tue, 01 Oct 2019 14:04:22 INFO     Create HDF:             True
Tue, 01 Oct 2019 14:04:22 INFO     Upload HDF:             True
Tue, 01 Oct 2019 14:04:29 INFO     HDFCreate.py -i /data1/ebaumer/mlo/o3/input_HDFCreate.py -d 20190916_20190930
Tue, 01 Oct 2019 14:04:31 INFO     Version: /data1/ebaumer/mlo/o3/HDF_Current_RD/
Tue, 01 Oct 2019 14:04:31 INFO     HDF file to upload:      groundbased_ftir.o3_ncar002_mauna.loa.hi_20190930t173142z_20190930t230103z_004.hdf
Tue, 01 Oct 2019 14:04:31 INFO     File succesfully uploaded at FTP /pub/incoming/ndacc/
