Fri, 21 Jun 2019 11:35:54 INFO     **************** Starting Logging ***********************
Fri, 21 Jun 2019 11:35:54 INFO     Log file path:          /data/pbin/Dev_Ivan/nrt/
Fri, 21 Jun 2019 11:35:54 INFO     Station location:       MLO
Fri, 21 Jun 2019 11:35:54 INFO     Gas Name:               CH4
Fri, 21 Jun 2019 11:35:54 INFO     Dates:                  20190614_20190620
Fri, 21 Jun 2019 11:35:54 INFO     Create HDF:             True
Fri, 21 Jun 2019 11:35:54 INFO     Upload HDF:             True
Fri, 21 Jun 2019 11:35:57 INFO     HDFCreate.py -i /data1/ebaumer/mlo/ch4/input_HDFCreate.py -d 20190614_20190620
Fri, 21 Jun 2019 11:35:59 INFO     Version: /data1/ebaumer/mlo/ch4/HDF_Current_WP_RD/
Fri, 21 Jun 2019 11:35:59 INFO     HDF file to upload:      groundbased_ftir.ch4_ncar002_mauna.loa.hi_20190614t201855z_20190620t200746z_003.hdf
Fri, 21 Jun 2019 11:36:00 INFO     File succesfully uploaded at FTP /pub/incoming/ndacc/
Mon, 01 Jul 2019 14:30:02 INFO     **************** Starting Logging ***********************
Mon, 01 Jul 2019 14:30:02 INFO     Log file path:          /data/pbin/Dev_Ivan/nrt/
Mon, 01 Jul 2019 14:30:02 INFO     Station location:       MLO
Mon, 01 Jul 2019 14:30:02 INFO     Gas Name:               CH4
Mon, 01 Jul 2019 14:30:02 INFO     Dates:                  20190621_20190630
Mon, 01 Jul 2019 14:30:02 INFO     Create HDF:             True
Mon, 01 Jul 2019 14:30:02 INFO     Upload HDF:             True
Mon, 01 Jul 2019 14:30:06 INFO     HDFCreate.py -i /data1/ebaumer/mlo/ch4/input_HDFCreate.py -d 20190621_20190630
Mon, 01 Jul 2019 14:30:08 INFO     Version: /data1/ebaumer/mlo/ch4/HDF_Current_WP_RD/
Mon, 01 Jul 2019 14:30:08 INFO     HDF file to upload:      groundbased_ftir.ch4_ncar002_mauna.loa.hi_20190621t190754z_20190629t201210z_003.hdf
Mon, 01 Jul 2019 14:30:09 INFO     File succesfully uploaded at FTP /pub/incoming/ndacc/
Fri, 12 Jul 2019 13:47:33 INFO     **************** Starting Logging ***********************
Fri, 12 Jul 2019 13:47:33 INFO     Log file path:          /data/pbin/Dev_Ivan/nrt/
Fri, 12 Jul 2019 13:47:33 INFO     Station location:       MLO
Fri, 12 Jul 2019 13:47:33 INFO     Gas Name:               CH4
Fri, 12 Jul 2019 13:47:33 INFO     Dates:                  20190701_20190710
Fri, 12 Jul 2019 13:47:33 INFO     Create HDF:             True
Fri, 12 Jul 2019 13:47:33 INFO     Upload HDF:             True
Fri, 12 Jul 2019 13:47:39 INFO     HDFCreate.py -i /data1/ebaumer/mlo/ch4/input_HDFCreate.py -d 20190701_20190710
Fri, 12 Jul 2019 13:47:42 INFO     Version: /data1/ebaumer/mlo/ch4/HDF_Current_WP_RD/
Fri, 12 Jul 2019 13:47:42 INFO     HDF file to upload:      groundbased_ftir.ch4_ncar002_mauna.loa.hi_20190704t191255z_20190710t193326z_003.hdf
Fri, 12 Jul 2019 13:47:43 INFO     File succesfully uploaded at FTP /pub/incoming/ndacc/
Thu, 01 Aug 2019 12:23:29 INFO     **************** Starting Logging ***********************
Thu, 01 Aug 2019 12:23:29 INFO     Log file path:          /data/pbin/Dev_Ivan/nrt/
Thu, 01 Aug 2019 12:23:29 INFO     Station location:       MLO
Thu, 01 Aug 2019 12:23:29 INFO     Gas Name:               CH4
Thu, 01 Aug 2019 12:23:29 INFO     Dates:                  20190711_20190731
Thu, 01 Aug 2019 12:23:29 INFO     Create HDF:             True
Thu, 01 Aug 2019 12:23:29 INFO     Upload HDF:             True
Thu, 01 Aug 2019 12:23:33 INFO     HDFCreate.py -i /data1/ebaumer/mlo/ch4/input_HDFCreate.py -d 20190711_20190731
Thu, 01 Aug 2019 12:23:36 INFO     Version: /data1/ebaumer/mlo/ch4/HDF_Current_WP_RD/
Thu, 01 Aug 2019 12:23:36 INFO     HDF file to upload:      groundbased_ftir.ch4_ncar002_mauna.loa.hi_20190711t175548z_20190727t195254z_003.hdf
Thu, 01 Aug 2019 12:23:36 INFO     File succesfully uploaded at FTP /pub/incoming/ndacc/
Fri, 16 Aug 2019 10:38:40 INFO     **************** Starting Logging ***********************
Fri, 16 Aug 2019 10:38:40 INFO     Log file path:          /data/pbin/Dev_Ivan/nrt/
Fri, 16 Aug 2019 10:38:40 INFO     Station location:       MLO
Fri, 16 Aug 2019 10:38:40 INFO     Gas Name:               CH4
Fri, 16 Aug 2019 10:38:40 INFO     Dates:                  20190801_20190815
Fri, 16 Aug 2019 10:38:40 INFO     Create HDF:             True
Fri, 16 Aug 2019 10:38:40 INFO     Upload HDF:             True
Fri, 16 Aug 2019 10:38:51 INFO     HDFCreate.py -i /data1/ebaumer/mlo/ch4/input_HDFCreate.py -d 20190801_20190815
Fri, 16 Aug 2019 10:38:54 INFO     Version: /data1/ebaumer/mlo/ch4/HDF_Current_WP_RD/
Fri, 16 Aug 2019 10:38:55 INFO     HDF file to upload:      groundbased_ftir.ch4_ncar002_mauna.loa.hi_20190809t200452z_20190809t210352z_003.hdf
Fri, 16 Aug 2019 10:38:56 INFO     File succesfully uploaded at FTP /pub/incoming/ndacc/
Thu, 05 Sep 2019 11:42:02 INFO     **************** Starting Logging ***********************
Thu, 05 Sep 2019 11:42:02 INFO     Log file path:          /data/pbin/Dev_Ivan/nrt/
Thu, 05 Sep 2019 11:42:02 INFO     Station location:       MLO
Thu, 05 Sep 2019 11:42:02 INFO     Gas Name:               CH4
Thu, 05 Sep 2019 11:42:02 INFO     Dates:                  20190816_20190831
Thu, 05 Sep 2019 11:42:02 INFO     Create HDF:             True
Thu, 05 Sep 2019 11:42:02 INFO     Upload HDF:             True
Thu, 05 Sep 2019 11:42:06 INFO     HDFCreate.py -i /data1/ebaumer/mlo/ch4/input_HDFCreate.py -d 20190816_20190831
Thu, 05 Sep 2019 11:42:08 INFO     Version: /data1/ebaumer/mlo/ch4/HDF_Current_WP_RD/
Thu, 05 Sep 2019 11:42:08 ERROR    No HDFs in date range
Fri, 06 Sep 2019 13:58:16 INFO     **************** Starting Logging ***********************
Fri, 06 Sep 2019 13:58:16 INFO     Log file path:          /data/pbin/Dev_Ivan/nrt/
Fri, 06 Sep 2019 13:58:16 INFO     Station location:       MLO
Fri, 06 Sep 2019 13:58:16 INFO     Gas Name:               CH4
Fri, 06 Sep 2019 13:58:16 INFO     Dates:                  20190816_20190831
Fri, 06 Sep 2019 13:58:16 INFO     Create HDF:             True
Fri, 06 Sep 2019 13:58:16 INFO     Upload HDF:             True
Fri, 06 Sep 2019 13:58:24 INFO     HDFCreate.py -i /data1/ebaumer/mlo/ch4/input_HDFCreate.py -d 20190816_20190831
Fri, 06 Sep 2019 13:58:26 INFO     Version: /data1/ebaumer/mlo/ch4/HDF_Current_WP_RD/
Fri, 06 Sep 2019 13:58:26 INFO     HDF file to upload:      groundbased_ftir.ch4_ncar002_mauna.loa.hi_20190820t190753z_20190831t200547z_003.hdf
Fri, 06 Sep 2019 13:58:27 INFO     File succesfully uploaded at FTP /pub/incoming/ndacc/
