Fri, 21 Jun 2019 11:39:25 INFO     **************** Starting Logging ***********************
Fri, 21 Jun 2019 11:39:25 INFO     Log file path:          /data/pbin/Dev_Ivan/nrt/
Fri, 21 Jun 2019 11:39:25 INFO     Station location:       MLO
Fri, 21 Jun 2019 11:39:25 INFO     Gas Name:               CO
Fri, 21 Jun 2019 11:39:25 INFO     Dates:                  20190614_20190620
Fri, 21 Jun 2019 11:39:25 INFO     Create HDF:             True
Fri, 21 Jun 2019 11:39:25 INFO     Upload HDF:             True
Fri, 21 Jun 2019 11:39:28 INFO     HDFCreate.py -i /data1/ebaumer/mlo/co/input_HDFCreate.py -d 20190614_20190620
Fri, 21 Jun 2019 11:39:30 INFO     Version: /data1/ebaumer/mlo/co/HDF_Current_B3_RD/
Fri, 21 Jun 2019 11:39:30 INFO     HDF file to upload:      groundbased_ftir.co_ncar002_mauna.loa.hi_20190615t174754z_20190620t201242z_004.hdf
Fri, 21 Jun 2019 11:39:31 INFO     File succesfully uploaded at FTP /pub/incoming/ndacc/
Mon, 01 Jul 2019 14:32:32 INFO     **************** Starting Logging ***********************
Mon, 01 Jul 2019 14:32:32 INFO     Log file path:          /data/pbin/Dev_Ivan/nrt/
Mon, 01 Jul 2019 14:32:32 INFO     Station location:       MLO
Mon, 01 Jul 2019 14:32:32 INFO     Gas Name:               CO
Mon, 01 Jul 2019 14:32:32 INFO     Dates:                  20190621_20190630
Mon, 01 Jul 2019 14:32:32 INFO     Create HDF:             True
Mon, 01 Jul 2019 14:32:32 INFO     Upload HDF:             True
Mon, 01 Jul 2019 14:32:36 INFO     HDFCreate.py -i /data1/ebaumer/mlo/co/input_HDFCreate.py -d 20190621_20190630
Mon, 01 Jul 2019 14:32:38 INFO     Version: /data1/ebaumer/mlo/co/HDF_Current_B3_RD/
Mon, 01 Jul 2019 14:32:38 INFO     HDF file to upload:      groundbased_ftir.co_ncar002_mauna.loa.hi_20190621t192158z_20190629t201945z_004.hdf
Mon, 01 Jul 2019 14:32:39 INFO     File succesfully uploaded at FTP /pub/incoming/ndacc/
Fri, 12 Jul 2019 13:47:23 INFO     **************** Starting Logging ***********************
Fri, 12 Jul 2019 13:47:23 INFO     Log file path:          /data/pbin/Dev_Ivan/nrt/
Fri, 12 Jul 2019 13:47:23 INFO     Station location:       MLO
Fri, 12 Jul 2019 13:47:23 INFO     Gas Name:               CO
Fri, 12 Jul 2019 13:47:23 INFO     Dates:                  20190701_20190710
Fri, 12 Jul 2019 13:47:23 INFO     Create HDF:             True
Fri, 12 Jul 2019 13:47:23 INFO     Upload HDF:             True
Fri, 12 Jul 2019 13:47:30 INFO     HDFCreate.py -i /data1/ebaumer/mlo/co/input_HDFCreate.py -d 20190701_20190710
Fri, 12 Jul 2019 13:47:33 INFO     Version: /data1/ebaumer/mlo/co/HDF_Current_B3_RD/
Fri, 12 Jul 2019 13:47:33 INFO     HDF file to upload:      groundbased_ftir.co_ncar002_mauna.loa.hi_20190704t192658z_20190710t174253z_004.hdf
Fri, 12 Jul 2019 13:47:34 INFO     File succesfully uploaded at FTP /pub/incoming/ndacc/
Thu, 01 Aug 2019 12:25:10 INFO     **************** Starting Logging ***********************
Thu, 01 Aug 2019 12:25:10 INFO     Log file path:          /data/pbin/Dev_Ivan/nrt/
Thu, 01 Aug 2019 12:25:10 INFO     Station location:       MLO
Thu, 01 Aug 2019 12:25:10 INFO     Gas Name:               CO
Thu, 01 Aug 2019 12:25:10 INFO     Dates:                  20190711_20190731
Thu, 01 Aug 2019 12:25:10 INFO     Create HDF:             True
Thu, 01 Aug 2019 12:25:10 INFO     Upload HDF:             True
Thu, 01 Aug 2019 12:25:14 INFO     HDFCreate.py -i /data1/ebaumer/mlo/co/input_HDFCreate.py -d 20190711_20190731
Thu, 01 Aug 2019 12:25:16 INFO     Version: /data1/ebaumer/mlo/co/HDF_Current_B3_RD/
Thu, 01 Aug 2019 12:25:16 INFO     HDF file to upload:      groundbased_ftir.co_ncar002_mauna.loa.hi_20190711t174154z_20190727t200657z_004.hdf
Thu, 01 Aug 2019 12:25:17 INFO     File succesfully uploaded at FTP /pub/incoming/ndacc/
Fri, 16 Aug 2019 10:36:19 INFO     **************** Starting Logging ***********************
Fri, 16 Aug 2019 10:36:19 INFO     Log file path:          /data/pbin/Dev_Ivan/nrt/
Fri, 16 Aug 2019 10:36:19 INFO     Station location:       MLO
Fri, 16 Aug 2019 10:36:19 INFO     Gas Name:               CO
Fri, 16 Aug 2019 10:36:19 INFO     Dates:                  20190801_20190815
Fri, 16 Aug 2019 10:36:19 INFO     Create HDF:             True
Fri, 16 Aug 2019 10:36:19 INFO     Upload HDF:             True
Fri, 16 Aug 2019 10:36:24 INFO     HDFCreate.py -i /data1/ebaumer/mlo/co/input_HDFCreate.py -d 20190801_20190815
Fri, 16 Aug 2019 10:36:27 INFO     Version: /data1/ebaumer/mlo/co/HDF_Current_B3_RD/
Fri, 16 Aug 2019 10:36:28 ERROR    No HDFs in date range
Thu, 05 Sep 2019 11:41:52 INFO     **************** Starting Logging ***********************
Thu, 05 Sep 2019 11:41:52 INFO     Log file path:          /data/pbin/Dev_Ivan/nrt/
Thu, 05 Sep 2019 11:41:52 INFO     Station location:       MLO
Thu, 05 Sep 2019 11:41:52 INFO     Gas Name:               CO
Thu, 05 Sep 2019 11:41:52 INFO     Dates:                  20190816_20190831
Thu, 05 Sep 2019 11:41:52 INFO     Create HDF:             True
Thu, 05 Sep 2019 11:41:52 INFO     Upload HDF:             True
Thu, 05 Sep 2019 11:41:56 INFO     HDFCreate.py -i /data1/ebaumer/mlo/co/input_HDFCreate.py -d 20190816_20190831
Thu, 05 Sep 2019 11:41:59 INFO     Version: /data1/ebaumer/mlo/co/HDF_Current_B3_RD/
Thu, 05 Sep 2019 11:41:59 ERROR    No HDFs in date range
Fri, 06 Sep 2019 14:05:37 INFO     **************** Starting Logging ***********************
Fri, 06 Sep 2019 14:05:37 INFO     Log file path:          /data/pbin/Dev_Ivan/nrt/
Fri, 06 Sep 2019 14:05:37 INFO     Station location:       MLO
Fri, 06 Sep 2019 14:05:37 INFO     Gas Name:               CO
Fri, 06 Sep 2019 14:05:37 INFO     Dates:                  20190816_20190831
Fri, 06 Sep 2019 14:05:37 INFO     Create HDF:             True
Fri, 06 Sep 2019 14:05:37 INFO     Upload HDF:             True
Fri, 06 Sep 2019 14:05:46 INFO     HDFCreate.py -i /data1/ebaumer/mlo/co/input_HDFCreate.py -d 20190816_20190831
Fri, 06 Sep 2019 14:05:48 INFO     Version: /data1/ebaumer/mlo/co/HDF_Current_B3_RD/
Fri, 06 Sep 2019 14:05:49 INFO     HDF file to upload:      groundbased_ftir.co_ncar002_mauna.loa.hi_20190821t191608z_20190831t192154z_004.hdf
Fri, 06 Sep 2019 14:05:49 INFO     File succesfully uploaded at FTP /pub/incoming/ndacc/
Fri, 20 Sep 2019 11:54:26 INFO     **************** Starting Logging ***********************
Fri, 20 Sep 2019 11:54:26 INFO     Log file path:          /data/pbin/Dev_Ivan/nrt/
Fri, 20 Sep 2019 11:54:26 INFO     Station location:       MLO
Fri, 20 Sep 2019 11:54:26 INFO     Gas Name:               CO
Fri, 20 Sep 2019 11:54:26 INFO     Dates:                  20190901_20190915
Fri, 20 Sep 2019 11:54:26 INFO     Create HDF:             True
Fri, 20 Sep 2019 11:54:26 INFO     Upload HDF:             True
Fri, 20 Sep 2019 11:54:27 INFO     HDFCreate.py -i /data1/ebaumer/mlo/co/input_HDFCreate.py -d 20190901_20190915
Fri, 20 Sep 2019 11:54:29 INFO     Version: /data1/ebaumer/mlo/co/HDF_Current_B3_RD/
Fri, 20 Sep 2019 11:54:29 ERROR    No HDFs in date range
Fri, 20 Sep 2019 14:31:54 INFO     **************** Starting Logging ***********************
Fri, 20 Sep 2019 14:31:54 INFO     Log file path:          /data/pbin/Dev_Ivan/nrt/
Fri, 20 Sep 2019 14:31:54 INFO     Station location:       MLO
Fri, 20 Sep 2019 14:31:54 INFO     Gas Name:               CO
Fri, 20 Sep 2019 14:31:54 INFO     Dates:                  20190901_20190915
Fri, 20 Sep 2019 14:31:54 INFO     Create HDF:             True
Fri, 20 Sep 2019 14:31:54 INFO     Upload HDF:             True
Fri, 20 Sep 2019 14:31:59 INFO     HDFCreate.py -i /data1/ebaumer/mlo/co/input_HDFCreate.py -d 20190901_20190915
Fri, 20 Sep 2019 14:32:01 INFO     Version: /data1/ebaumer/mlo/co/HDF_Current_B3_RD/
Fri, 20 Sep 2019 14:32:01 INFO     HDF file to upload:      groundbased_ftir.co_ncar002_mauna.loa.hi_20190901t170351z_20190914t181919z_004.hdf
Fri, 20 Sep 2019 14:32:02 INFO     File succesfully uploaded at FTP /pub/incoming/ndacc/
Mon, 30 Sep 2019 16:32:56 INFO     **************** Starting Logging ***********************
Mon, 30 Sep 2019 16:32:56 INFO     Log file path:          /data/pbin/Dev_Ivan/nrt/
Mon, 30 Sep 2019 16:32:56 INFO     Station location:       MLO
Mon, 30 Sep 2019 16:32:56 INFO     Gas Name:               CO
Mon, 30 Sep 2019 16:32:56 INFO     Dates:                  20190901_20190915
Mon, 30 Sep 2019 16:32:56 INFO     Create HDF:             True
Mon, 30 Sep 2019 16:32:56 INFO     Upload HDF:             True
Mon, 30 Sep 2019 16:33:04 INFO     HDFCreate.py -i /data1/ebaumer/mlo/co/input_HDFCreate.py -d 20190901_20190915
Mon, 30 Sep 2019 16:33:06 INFO     Version: /data1/ebaumer/mlo/co/HDF_Current_B3_RD/
Mon, 30 Sep 2019 16:33:06 INFO     HDF file to upload:      groundbased_ftir.co_ncar002_mauna.loa.hi_20190901t170351z_20190914t181919z_004.hdf
Mon, 30 Sep 2019 16:33:07 INFO     File succesfully uploaded at FTP /pub/incoming/ndacc/
Tue, 01 Oct 2019 13:26:26 INFO     **************** Starting Logging ***********************
Tue, 01 Oct 2019 13:26:26 INFO     Log file path:          /data/pbin/Dev_Ivan/nrt/
Tue, 01 Oct 2019 13:26:26 INFO     Station location:       MLO
Tue, 01 Oct 2019 13:26:26 INFO     Gas Name:               CO
Tue, 01 Oct 2019 13:26:26 INFO     Dates:                  20190916_20190930
Tue, 01 Oct 2019 13:26:26 INFO     Create HDF:             True
Tue, 01 Oct 2019 13:26:26 INFO     Upload HDF:             True
Tue, 01 Oct 2019 13:26:33 INFO     HDFCreate.py -i /data1/ebaumer/mlo/co/input_HDFCreate.py -d 20190916_20190930
Tue, 01 Oct 2019 13:26:35 INFO     Version: /data1/ebaumer/mlo/co/HDF_Current_B3_RD/
Tue, 01 Oct 2019 13:26:35 INFO     HDF file to upload:      groundbased_ftir.co_ncar002_mauna.loa.hi_20190930t184721z_20190930t203925z_004.hdf
Tue, 01 Oct 2019 13:26:36 INFO     File succesfully uploaded at FTP /pub/incoming/ndacc/
