Fri, 21 Jun 2019 12:11:35 INFO     **************** Starting Logging ***********************
Fri, 21 Jun 2019 12:11:35 INFO     Log file path:          /data/pbin/Dev_Ivan/nrt/
Fri, 21 Jun 2019 12:11:35 INFO     Station location:       TAB
Fri, 21 Jun 2019 12:11:35 INFO     Gas Name:               CO
Fri, 21 Jun 2019 12:11:35 INFO     Dates:                  20190614_20190620
Fri, 21 Jun 2019 12:11:35 INFO     Create HDF:             True
Fri, 21 Jun 2019 12:11:35 INFO     Upload HDF:             True
Fri, 21 Jun 2019 12:11:37 INFO     HDFCreate.py -i /data1/ebaumer/tab/co/input_HDFCreate.py -d 20190614_20190620
Fri, 21 Jun 2019 12:11:39 INFO     Version: /data1/ebaumer/tab/co/HDF_Current_B3_RD/
Fri, 21 Jun 2019 12:11:39 INFO     HDF file to upload:      groundbased_ftir.co_ncar001_thule_20190614t191925z_20190620t212120z_004.hdf
Fri, 21 Jun 2019 12:11:40 INFO     File succesfully uploaded at FTP /pub/incoming/ndacc/
Mon, 01 Jul 2019 15:34:00 INFO     **************** Starting Logging ***********************
Mon, 01 Jul 2019 15:34:00 INFO     Log file path:          /data/pbin/Dev_Ivan/nrt/
Mon, 01 Jul 2019 15:34:00 INFO     Station location:       TAB
Mon, 01 Jul 2019 15:34:00 INFO     Gas Name:               CO
Mon, 01 Jul 2019 15:34:00 INFO     Dates:                  20190621_20190630
Mon, 01 Jul 2019 15:34:00 INFO     Create HDF:             True
Mon, 01 Jul 2019 15:34:00 INFO     Upload HDF:             True
Mon, 01 Jul 2019 15:34:11 INFO     HDFCreate.py -i /data1/ebaumer/tab/co/input_HDFCreate.py -d 20190621_20190630
Mon, 01 Jul 2019 15:34:13 INFO     Version: /data1/ebaumer/tab/co/HDF_Current_B3_RD/
Mon, 01 Jul 2019 15:34:13 INFO     HDF file to upload:      groundbased_ftir.co_ncar001_thule_20190626t190818z_20190630t225120z_004.hdf
Mon, 01 Jul 2019 15:34:14 INFO     File succesfully uploaded at FTP /pub/incoming/ndacc/
Fri, 12 Jul 2019 15:55:27 INFO     **************** Starting Logging ***********************
Fri, 12 Jul 2019 15:55:27 INFO     Log file path:          /data/pbin/Dev_Ivan/nrt/
Fri, 12 Jul 2019 15:55:27 INFO     Station location:       TAB
Fri, 12 Jul 2019 15:55:27 INFO     Gas Name:               CO
Fri, 12 Jul 2019 15:55:27 INFO     Dates:                  20190701_20190710
Fri, 12 Jul 2019 15:55:27 INFO     Create HDF:             True
Fri, 12 Jul 2019 15:55:27 INFO     Upload HDF:             True
Fri, 12 Jul 2019 15:55:54 INFO     HDFCreate.py -i /data1/ebaumer/tab/co/input_HDFCreate.py -d 20190701_20190710
Fri, 12 Jul 2019 15:55:57 INFO     Version: /data1/ebaumer/tab/co/HDF_Current_B3_RD/
Fri, 12 Jul 2019 15:55:57 INFO     HDF file to upload:      groundbased_ftir.co_ncar001_thule_20190701t010116z_20190710t154337z_004.hdf
Fri, 12 Jul 2019 15:55:58 INFO     File succesfully uploaded at FTP /pub/incoming/ndacc/
Thu, 01 Aug 2019 14:21:53 INFO     **************** Starting Logging ***********************
Thu, 01 Aug 2019 14:21:53 INFO     Log file path:          /data/pbin/Dev_Ivan/nrt/
Thu, 01 Aug 2019 14:21:53 INFO     Station location:       TAB
Thu, 01 Aug 2019 14:21:53 INFO     Gas Name:               CO
Thu, 01 Aug 2019 14:21:53 INFO     Dates:                  20190711_20190731
Thu, 01 Aug 2019 14:21:53 INFO     Create HDF:             True
Thu, 01 Aug 2019 14:21:53 INFO     Upload HDF:             True
Thu, 01 Aug 2019 14:22:08 INFO     HDFCreate.py -i /data1/ebaumer/tab/co/input_HDFCreate.py -d 20190711_20190731
Thu, 01 Aug 2019 14:22:10 INFO     Version: /data1/ebaumer/tab/co/HDF_Current_B3_RD/
Thu, 01 Aug 2019 14:22:10 INFO     HDF file to upload:      groundbased_ftir.co_ncar001_thule_20190723t165233z_20190731t175932z_004.hdf
Thu, 01 Aug 2019 14:22:11 INFO     File succesfully uploaded at FTP /pub/incoming/ndacc/
Fri, 16 Aug 2019 13:36:16 INFO     **************** Starting Logging ***********************
Fri, 16 Aug 2019 13:36:16 INFO     Log file path:          /data/pbin/Dev_Ivan/nrt/
Fri, 16 Aug 2019 13:36:16 INFO     Station location:       TAB
Fri, 16 Aug 2019 13:36:16 INFO     Gas Name:               CO
Fri, 16 Aug 2019 13:36:16 INFO     Dates:                  20190801_20190815
Fri, 16 Aug 2019 13:36:16 INFO     Create HDF:             True
Fri, 16 Aug 2019 13:36:16 INFO     Upload HDF:             True
Fri, 16 Aug 2019 13:36:33 INFO     HDFCreate.py -i /data1/ebaumer/tab/co/input_HDFCreate.py -d 20190801_20190815
Fri, 16 Aug 2019 13:36:35 INFO     Version: /data1/ebaumer/tab/co/HDF_Current_B3_RD/
Fri, 16 Aug 2019 13:36:35 INFO     HDF file to upload:      groundbased_ftir.co_ncar001_thule_20190801t010715z_20190815t014840z_004.hdf
Fri, 16 Aug 2019 13:36:36 INFO     File succesfully uploaded at FTP /pub/incoming/ndacc/
Thu, 05 Sep 2019 11:49:24 INFO     **************** Starting Logging ***********************
Thu, 05 Sep 2019 11:49:24 INFO     Log file path:          /data/pbin/Dev_Ivan/nrt/
Thu, 05 Sep 2019 11:49:24 INFO     Station location:       TAB
Thu, 05 Sep 2019 11:49:24 INFO     Gas Name:               CO
Thu, 05 Sep 2019 11:49:24 INFO     Dates:                  20190816_20190831
Thu, 05 Sep 2019 11:49:24 INFO     Create HDF:             True
Thu, 05 Sep 2019 11:49:24 INFO     Upload HDF:             True
Thu, 05 Sep 2019 11:49:40 INFO     HDFCreate.py -i /data1/ebaumer/tab/co/input_HDFCreate.py -d 20190816_20190831
Thu, 05 Sep 2019 11:49:42 INFO     Version: /data1/ebaumer/tab/co/HDF_Current_B3_RD/
Thu, 05 Sep 2019 11:49:42 INFO     HDF file to upload:      groundbased_ftir.co_ncar001_thule_20190816t185336z_20190816t224338z_004.hdf
Thu, 05 Sep 2019 11:49:43 INFO     File succesfully uploaded at FTP /pub/incoming/ndacc/
Fri, 06 Sep 2019 14:22:36 INFO     **************** Starting Logging ***********************
Fri, 06 Sep 2019 14:22:36 INFO     Log file path:          /data/pbin/Dev_Ivan/nrt/
Fri, 06 Sep 2019 14:22:36 INFO     Station location:       TAB
Fri, 06 Sep 2019 14:22:36 INFO     Gas Name:               CO
Fri, 06 Sep 2019 14:22:36 INFO     Dates:                  20190816_20190831
Fri, 06 Sep 2019 14:22:36 INFO     Create HDF:             True
Fri, 06 Sep 2019 14:22:36 INFO     Upload HDF:             True
Fri, 06 Sep 2019 14:22:58 INFO     HDFCreate.py -i /data1/ebaumer/tab/co/input_HDFCreate.py -d 20190816_20190831
Fri, 06 Sep 2019 14:23:00 INFO     Version: /data1/ebaumer/tab/co/HDF_Current_B3_RD/
Fri, 06 Sep 2019 14:23:00 INFO     HDF file to upload:      groundbased_ftir.co_ncar001_thule_20190816t185336z_20190831t200226z_004.hdf
Fri, 06 Sep 2019 14:23:01 INFO     File succesfully uploaded at FTP /pub/incoming/ndacc/
Mon, 30 Sep 2019 16:34:58 INFO     **************** Starting Logging ***********************
Mon, 30 Sep 2019 16:34:58 INFO     Log file path:          /data/pbin/Dev_Ivan/nrt/
Mon, 30 Sep 2019 16:34:58 INFO     Station location:       TAB
Mon, 30 Sep 2019 16:34:58 INFO     Gas Name:               CO
Mon, 30 Sep 2019 16:34:58 INFO     Dates:                  20190901_20190915
Mon, 30 Sep 2019 16:34:58 INFO     Create HDF:             True
Mon, 30 Sep 2019 16:34:58 INFO     Upload HDF:             True
Mon, 30 Sep 2019 16:35:15 INFO     HDFCreate.py -i /data1/ebaumer/tab/co/input_HDFCreate.py -d 20190901_20190915
Mon, 30 Sep 2019 16:35:17 INFO     Version: /data1/ebaumer/tab/co/HDF_Current_B3_RD/
Mon, 30 Sep 2019 16:35:17 INFO     HDF file to upload:      groundbased_ftir.co_ncar001_thule_20190901t085736z_20190914t154436z_004.hdf
Mon, 30 Sep 2019 16:35:18 INFO     File succesfully uploaded at FTP /pub/incoming/ndacc/
Tue, 01 Oct 2019 13:12:14 INFO     **************** Starting Logging ***********************
Tue, 01 Oct 2019 13:12:14 INFO     Log file path:          /data/pbin/Dev_Ivan/nrt/
Tue, 01 Oct 2019 13:12:14 INFO     Station location:       TAB
Tue, 01 Oct 2019 13:12:14 INFO     Gas Name:               CO
Tue, 01 Oct 2019 13:12:14 INFO     Dates:                  20190916_20190930
Tue, 01 Oct 2019 13:12:14 INFO     Create HDF:             True
Tue, 01 Oct 2019 13:12:14 INFO     Upload HDF:             True
Tue, 01 Oct 2019 13:12:50 INFO     HDFCreate.py -i /data1/ebaumer/tab/co/input_HDFCreate.py -d 20190916_20190930
Tue, 01 Oct 2019 13:12:52 INFO     Version: /data1/ebaumer/tab/co/HDF_Current_B3_RD/
Tue, 01 Oct 2019 13:12:52 ERROR    No HDFs in date range
Tue, 01 Oct 2019 16:03:40 INFO     **************** Starting Logging ***********************
Tue, 01 Oct 2019 16:03:40 INFO     Log file path:          /data/pbin/Dev_Ivan/nrt/
Tue, 01 Oct 2019 16:03:40 INFO     Station location:       TAB
Tue, 01 Oct 2019 16:03:40 INFO     Gas Name:               CO
Tue, 01 Oct 2019 16:03:40 INFO     Dates:                  20190916_20190930
Tue, 01 Oct 2019 16:03:40 INFO     Create HDF:             True
Tue, 01 Oct 2019 16:03:40 INFO     Upload HDF:             True
Tue, 01 Oct 2019 16:04:07 INFO     HDFCreate.py -i /data1/ebaumer/tab/co/input_HDFCreate.py -d 20190916_20190930
Tue, 01 Oct 2019 16:04:09 INFO     Version: /data1/ebaumer/tab/co/HDF_Current_B3_RD/
Tue, 01 Oct 2019 16:04:09 INFO     HDF file to upload:      groundbased_ftir.co_ncar001_thule_20190917t124335z_20190930t201416z_004.hdf
Tue, 01 Oct 2019 16:04:12 INFO     File succesfully uploaded at FTP /pub/incoming/ndacc/
