Fri, 21 Jun 2019 13:47:11 INFO     **************** Starting Logging ***********************
Fri, 21 Jun 2019 13:47:11 INFO     Log file path:          /data/pbin/Dev_Ivan/nrt/
Fri, 21 Jun 2019 13:47:11 INFO     Station location:       TAB
Fri, 21 Jun 2019 13:47:11 INFO     Gas Name:               O3
Fri, 21 Jun 2019 13:47:11 INFO     Dates:                  20190614_20190620
Fri, 21 Jun 2019 13:47:11 INFO     Create HDF:             True
Fri, 21 Jun 2019 13:47:11 INFO     Upload HDF:             True
Fri, 21 Jun 2019 13:47:13 INFO     HDFCreate.py -i /data1/ebaumer/tab/o3/input_HDFCreate.py -d 20190614_20190620
Fri, 21 Jun 2019 13:47:15 INFO     Version: /data1/ebaumer/tab/o3/HDF_Current_WP_RD/
Fri, 21 Jun 2019 13:47:15 INFO     HDF file to upload:      groundbased_ftir.o3_ncar001_thule_20190614t210113z_20190620t184557z_004.hdf
Fri, 21 Jun 2019 13:47:16 INFO     File succesfully uploaded at FTP /pub/incoming/ndacc/
Mon, 01 Jul 2019 18:33:13 INFO     **************** Starting Logging ***********************
Mon, 01 Jul 2019 18:33:13 INFO     Log file path:          /data/pbin/Dev_Ivan/nrt/
Mon, 01 Jul 2019 18:33:13 INFO     Station location:       TAB
Mon, 01 Jul 2019 18:33:13 INFO     Gas Name:               O3
Mon, 01 Jul 2019 18:33:13 INFO     Dates:                  20190621_20190630
Mon, 01 Jul 2019 18:33:13 INFO     Create HDF:             True
Mon, 01 Jul 2019 18:33:13 INFO     Upload HDF:             True
Mon, 01 Jul 2019 18:33:19 INFO     HDFCreate.py -i /data1/ebaumer/tab/o3/input_HDFCreate.py -d 20190621_20190630
Mon, 01 Jul 2019 18:33:22 INFO     Version: /data1/ebaumer/tab/o3/HDF_Current_WP_RD/
Mon, 01 Jul 2019 18:33:22 INFO     HDF file to upload:      groundbased_ftir.o3_ncar001_thule_20190626t181702z_20190630t225901z_004.hdf
Mon, 01 Jul 2019 18:33:23 INFO     File succesfully uploaded at FTP /pub/incoming/ndacc/
Fri, 12 Jul 2019 20:49:57 INFO     **************** Starting Logging ***********************
Fri, 12 Jul 2019 20:49:57 INFO     Log file path:          /data/pbin/Dev_Ivan/nrt/
Fri, 12 Jul 2019 20:49:57 INFO     Station location:       TAB
Fri, 12 Jul 2019 20:49:57 INFO     Gas Name:               O3
Fri, 12 Jul 2019 20:49:57 INFO     Dates:                  20190701_20190710
Fri, 12 Jul 2019 20:49:57 INFO     Create HDF:             True
Fri, 12 Jul 2019 20:49:57 INFO     Upload HDF:             True
Fri, 12 Jul 2019 20:50:11 INFO     HDFCreate.py -i /data1/ebaumer/tab/o3/input_HDFCreate.py -d 20190701_20190710
Fri, 12 Jul 2019 20:50:13 INFO     Version: /data1/ebaumer/tab/o3/HDF_Current_WP_RD/
Fri, 12 Jul 2019 20:50:13 INFO     HDF file to upload:      groundbased_ftir.o3_ncar001_thule_20190701t011505z_20190710t143803z_004.hdf
Fri, 12 Jul 2019 20:50:14 INFO     File succesfully uploaded at FTP /pub/incoming/ndacc/
Thu, 01 Aug 2019 18:35:59 INFO     **************** Starting Logging ***********************
Thu, 01 Aug 2019 18:35:59 INFO     Log file path:          /data/pbin/Dev_Ivan/nrt/
Thu, 01 Aug 2019 18:35:59 INFO     Station location:       TAB
Thu, 01 Aug 2019 18:35:59 INFO     Gas Name:               O3
Thu, 01 Aug 2019 18:35:59 INFO     Dates:                  20190711_20190731
Thu, 01 Aug 2019 18:35:59 INFO     Create HDF:             True
Thu, 01 Aug 2019 18:35:59 INFO     Upload HDF:             True
Thu, 01 Aug 2019 18:36:07 INFO     HDFCreate.py -i /data1/ebaumer/tab/o3/input_HDFCreate.py -d 20190711_20190731
Thu, 01 Aug 2019 18:36:10 INFO     Version: /data1/ebaumer/tab/o3/HDF_Current_WP_RD/
Thu, 01 Aug 2019 18:36:10 INFO     HDF file to upload:      groundbased_ftir.o3_ncar001_thule_20190723t205038z_20190731t181140z_004.hdf
Thu, 01 Aug 2019 18:36:11 INFO     File succesfully uploaded at FTP /pub/incoming/ndacc/
