Fri, 21 Jun 2019 11:55:42 INFO     **************** Starting Logging ***********************
Fri, 21 Jun 2019 11:55:42 INFO     Log file path:          /data/pbin/Dev_Ivan/nrt/
Fri, 21 Jun 2019 11:55:42 INFO     Station location:       TAB
Fri, 21 Jun 2019 11:55:42 INFO     Gas Name:               CH4
Fri, 21 Jun 2019 11:55:42 INFO     Dates:                  20190614_20190620
Fri, 21 Jun 2019 11:55:42 INFO     Create HDF:             True
Fri, 21 Jun 2019 11:55:42 INFO     Upload HDF:             True
Fri, 21 Jun 2019 11:55:44 INFO     HDFCreate.py -i /data1/ebaumer/tab/ch4/input_HDFCreate.py -d 20190614_20190620
Fri, 21 Jun 2019 11:55:46 INFO     Version: /data1/ebaumer/tab/ch4/HDF_Current_WP_RD/
Fri, 21 Jun 2019 11:55:46 INFO     HDF file to upload:      groundbased_ftir.ch4_ncar001_thule_20190614t191411z_20190620t210335z_003.hdf
Fri, 21 Jun 2019 11:55:47 INFO     File succesfully uploaded at FTP /pub/incoming/ndacc/
Mon, 01 Jul 2019 15:03:04 INFO     **************** Starting Logging ***********************
Mon, 01 Jul 2019 15:03:04 INFO     Log file path:          /data/pbin/Dev_Ivan/nrt/
Mon, 01 Jul 2019 15:03:04 INFO     Station location:       TAB
Mon, 01 Jul 2019 15:03:04 INFO     Gas Name:               CH4
Mon, 01 Jul 2019 15:03:04 INFO     Dates:                  20190621_20190630
Mon, 01 Jul 2019 15:03:04 INFO     Create HDF:             True
Mon, 01 Jul 2019 15:03:04 INFO     Upload HDF:             True
Mon, 01 Jul 2019 15:03:10 INFO     HDFCreate.py -i /data1/ebaumer/tab/ch4/input_HDFCreate.py -d 20190621_20190630
Mon, 01 Jul 2019 15:03:12 INFO     Version: /data1/ebaumer/tab/ch4/HDF_Current_WP_RD/
Mon, 01 Jul 2019 15:03:12 INFO     HDF file to upload:      groundbased_ftir.ch4_ncar001_thule_20190626t145017z_20190630t223918z_003.hdf
Mon, 01 Jul 2019 15:03:13 INFO     File succesfully uploaded at FTP /pub/incoming/ndacc/
Fri, 12 Jul 2019 14:56:56 INFO     **************** Starting Logging ***********************
Fri, 12 Jul 2019 14:56:56 INFO     Log file path:          /data/pbin/Dev_Ivan/nrt/
Fri, 12 Jul 2019 14:56:56 INFO     Station location:       TAB
Fri, 12 Jul 2019 14:56:56 INFO     Gas Name:               CH4
Fri, 12 Jul 2019 14:56:56 INFO     Dates:                  20190701_20190710
Fri, 12 Jul 2019 14:56:56 INFO     Create HDF:             True
Fri, 12 Jul 2019 14:56:56 INFO     Upload HDF:             True
Fri, 12 Jul 2019 14:57:06 INFO     HDFCreate.py -i /data1/ebaumer/tab/ch4/input_HDFCreate.py -d 20190701_20190710
Fri, 12 Jul 2019 14:57:09 INFO     Version: /data1/ebaumer/tab/ch4/HDF_Current_WP_RD/
Fri, 12 Jul 2019 14:57:09 INFO     HDF file to upload:      groundbased_ftir.ch4_ncar001_thule_20190701t005518z_20190710t153334z_003.hdf
Fri, 12 Jul 2019 14:57:10 INFO     File succesfully uploaded at FTP /pub/incoming/ndacc/
Thu, 01 Aug 2019 13:31:42 INFO     **************** Starting Logging ***********************
Thu, 01 Aug 2019 13:31:42 INFO     Log file path:          /data/pbin/Dev_Ivan/nrt/
Thu, 01 Aug 2019 13:31:42 INFO     Station location:       TAB
Thu, 01 Aug 2019 13:31:42 INFO     Gas Name:               CH4
Thu, 01 Aug 2019 13:31:42 INFO     Dates:                  20190711_20190731
Thu, 01 Aug 2019 13:31:42 INFO     Create HDF:             True
Thu, 01 Aug 2019 13:31:42 INFO     Upload HDF:             True
Thu, 01 Aug 2019 13:31:50 INFO     HDFCreate.py -i /data1/ebaumer/tab/ch4/input_HDFCreate.py -d 20190711_20190731
Thu, 01 Aug 2019 13:31:52 INFO     Version: /data1/ebaumer/tab/ch4/HDF_Current_WP_RD/
Thu, 01 Aug 2019 13:31:52 INFO     HDF file to upload:      groundbased_ftir.ch4_ncar001_thule_20190723t164534z_20190731t175435z_003.hdf
Thu, 01 Aug 2019 13:31:54 INFO     File succesfully uploaded at FTP /pub/incoming/ndacc/
Fri, 16 Aug 2019 12:27:44 INFO     **************** Starting Logging ***********************
Fri, 16 Aug 2019 12:27:44 INFO     Log file path:          /data/pbin/Dev_Ivan/nrt/
Fri, 16 Aug 2019 12:27:44 INFO     Station location:       TAB
Fri, 16 Aug 2019 12:27:44 INFO     Gas Name:               CH4
Fri, 16 Aug 2019 12:27:44 INFO     Dates:                  20190801_20190815
Fri, 16 Aug 2019 12:27:44 INFO     Create HDF:             True
Fri, 16 Aug 2019 12:27:44 INFO     Upload HDF:             True
Fri, 16 Aug 2019 12:27:53 INFO     HDFCreate.py -i /data1/ebaumer/tab/ch4/input_HDFCreate.py -d 20190801_20190815
Fri, 16 Aug 2019 12:27:55 INFO     Version: /data1/ebaumer/tab/ch4/HDF_Current_WP_RD/
Fri, 16 Aug 2019 12:27:55 INFO     HDF file to upload:      groundbased_ftir.ch4_ncar001_thule_20190801t010140z_20190815t013837z_003.hdf
Fri, 16 Aug 2019 12:27:56 INFO     File succesfully uploaded at FTP /pub/incoming/ndacc/
