\BOOKMARK [1][-]{section.1}{Introduction}{}% 1
\BOOKMARK [1][-]{section.2}{Pre-Processing}{}% 2
\BOOKMARK [2][-]{subsection.2.1}{Pulling Data}{section.2}% 3
\BOOKMARK [2][-]{subsection.2.2}{Initial Quality Check}{section.2}% 4
\BOOKMARK [1][-]{section.3}{Spectral Database}{}% 5
\BOOKMARK [2][-]{subsection.3.1}{Initial Spectral Database}{section.3}% 6
\BOOKMARK [2][-]{subsection.3.2}{House Data}{section.3}% 7
\BOOKMARK [2][-]{subsection.3.3}{External Station Data}{section.3}% 8
\BOOKMARK [2][-]{subsection.3.4}{Append Spectral Database File}{section.3}% 9
\BOOKMARK [2][-]{subsection.3.5}{Coadd Spectral Database File}{section.3}% 10
\BOOKMARK [1][-]{section.4}{ZPTW Profiles}{}% 11
\BOOKMARK [2][-]{subsection.4.1}{Pressure \046 Temperature Profiles}{section.4}% 12
\BOOKMARK [2][-]{subsection.4.2}{NCEP I \046 ERA Interim Water Profiles}{section.4}% 13
\BOOKMARK [2][-]{subsection.4.3}{Retrieved Water Profiles}{section.4}% 14
\BOOKMARK [2][-]{subsection.4.4}{Steps for Pre-Processing}{section.4}% 15
\BOOKMARK [1][-]{section.5}{Processing}{}% 16
\BOOKMARK [2][-]{subsection.5.1}{Layer0}{section.5}% 17
\BOOKMARK [2][-]{subsection.5.2}{Layer1}{section.5}% 18
\BOOKMARK [1][-]{section.6}{Post-Processing}{}% 19
\BOOKMARK [2][-]{subsection.6.1}{Plotting}{section.6}% 20
\BOOKMARK [2][-]{subsection.6.2}{HDF Creation}{section.6}% 21
\BOOKMARK [1][-]{section.7}{Program List}{}% 22
\BOOKMARK [2][-]{subsection.7.1}{Pre-Processing}{section.7}% 23
\BOOKMARK [2][-]{subsection.7.2}{Spectral Database}{section.7}% 24
\BOOKMARK [2][-]{subsection.7.3}{Reference Profiles}{section.7}% 25
\BOOKMARK [2][-]{subsection.7.4}{Processing}{section.7}% 26
\BOOKMARK [2][-]{subsection.7.5}{Post-Processing}{section.7}% 27
